<?xml version="1.0" encoding="UTF-8"?>
<testng-results skipped="0" failed="0" ignored="0" total="2" passed="2">
  <reporter-output>
  </reporter-output>
  <suite name="Default suite" duration-ms="82373" started-at="2019-01-30T09:55:16Z" finished-at="2019-01-30T09:56:38Z">
    <groups>
    </groups>
    <test name="Default test" duration-ms="82373" started-at="2019-01-30T09:55:16Z" finished-at="2019-01-30T09:56:38Z">
      <class name="com.towerhobbies.HomePage.HomePage">
        <test-method status="PASS" signature="Registration()[pri:0, instance:com.towerhobbies.HomePage.HomePage@4671e53b]" name="Registration" duration-ms="46361" started-at="2019-01-30T09:55:16Z" finished-at="2019-01-30T09:56:02Z">
          <reporter-output>
          </reporter-output>
        </test-method> <!-- Registration -->
        <test-method status="PASS" signature="SignIn()[pri:1, instance:com.towerhobbies.HomePage.HomePage@4671e53b]" name="SignIn" duration-ms="35982" started-at="2019-01-30T09:56:02Z" finished-at="2019-01-30T09:56:38Z">
          <reporter-output>
          </reporter-output>
        </test-method> <!-- SignIn -->
      </class> <!-- com.towerhobbies.HomePage.HomePage -->
    </test> <!-- Default test -->
  </suite> <!-- Default suite -->
</testng-results>
